2025-04-10 18:56:20,302 [Worker-2: Loading available Gradle versions] INFO  o.e.b.c.i.u.g.PublishedGradleVersions - Gradle version information cache is not available. Remote download required.
2025-04-15 17:51:41,216 [Worker-6: Loading available Gradle versions] INFO  o.e.b.c.i.u.g.PublishedGradleVersions - Gradle version information cache is out-of-date. Trying to update.
2025-04-15 18:01:12,683 [Worker-5: Loading available Gradle versions] INFO  o.e.b.c.i.u.g.PublishedGradleVersions - Gradle version information cache is up-to-date. Trying to read.
2025-04-15 18:45:35,027 [Worker-5: Loading available Gradle versions] INFO  o.e.b.c.i.u.g.PublishedGradleVersions - Gradle version information cache is up-to-date. Trying to read.
2025-04-15 18:52:39,575 [Worker-5: Loading available Gradle versions] INFO  o.e.b.c.i.u.g.PublishedGradleVersions - Gradle version information cache is up-to-date. Trying to read.
2025-04-17 17:57:34,638 [Worker-5: Loading available Gradle versions] INFO  o.e.b.c.i.u.g.PublishedGradleVersions - Gradle version information cache is out-of-date. Trying to update.
2025-04-17 19:43:12,177 [Worker-7: Loading available Gradle versions] INFO  o.e.b.c.i.u.g.PublishedGradleVersions - Gradle version information cache is up-to-date. Trying to read.
2025-04-21 12:07:38,707 [Worker-7: Loading available Gradle versions] INFO  o.e.b.c.i.u.g.PublishedGradleVersions - Gradle version information cache is out-of-date. Trying to update.
2025-04-24 11:50:23,211 [Worker-6: Loading available Gradle versions] INFO  o.e.b.c.i.u.g.PublishedGradleVersions - Gradle version information cache is out-of-date. Trying to update.
2025-04-28 12:11:11,612 [Worker-5: Loading available Gradle versions] INFO  o.e.b.c.i.u.g.PublishedGradleVersions - Gradle version information cache is out-of-date. Trying to update.
2025-04-28 12:13:31,729 [ModalContext] INFO  o.e.m.c.i.e.AbstractTransferListenerAdapter - Downloading https://repo.maven.apache.org/maven2/org/apache/maven/archetypes/maven-archetype-webapp/1.0/maven-archetype-webapp-1.0.pom
2025-04-28 12:13:31,753 [ModalContext] INFO  o.e.m.c.i.e.AbstractTransferListenerAdapter - Downloaded https://repo.maven.apache.org/maven2/org/apache/maven/archetypes/maven-archetype-webapp/1.0/maven-archetype-webapp-1.0.pom
2025-04-28 12:13:32,013 [ModalContext] INFO  o.e.m.c.i.e.AbstractTransferListenerAdapter - Downloading https://repo.maven.apache.org/maven2/org/apache/maven/archetypes/maven-archetype-bundles/2/maven-archetype-bundles-2.pom
2025-04-28 12:13:32,019 [ModalContext] INFO  o.e.m.c.i.e.AbstractTransferListenerAdapter - Downloaded https://repo.maven.apache.org/maven2/org/apache/maven/archetypes/maven-archetype-bundles/2/maven-archetype-bundles-2.pom
2025-04-28 12:13:32,155 [ModalContext] INFO  o.e.m.c.i.e.AbstractTransferListenerAdapter - Downloading https://repo.maven.apache.org/maven2/org/apache/maven/archetype/maven-archetype-parent/1/maven-archetype-parent-1.pom
2025-04-28 12:13:32,163 [ModalContext] INFO  o.e.m.c.i.e.AbstractTransferListenerAdapter - Downloaded https://repo.maven.apache.org/maven2/org/apache/maven/archetype/maven-archetype-parent/1/maven-archetype-parent-1.pom
2025-04-28 12:13:32,367 [ModalContext] INFO  o.e.m.c.i.e.AbstractTransferListenerAdapter - Downloading https://repo.maven.apache.org/maven2/org/apache/maven/maven-parent/4/maven-parent-4.pom
2025-04-28 12:13:32,462 [ModalContext] INFO  o.e.m.c.i.e.AbstractTransferListenerAdapter - Downloaded https://repo.maven.apache.org/maven2/org/apache/maven/maven-parent/4/maven-parent-4.pom
2025-04-28 12:13:32,739 [ModalContext] INFO  o.e.m.c.i.e.AbstractTransferListenerAdapter - Downloading https://repo.maven.apache.org/maven2/org/apache/maven/archetypes/maven-archetype-webapp/1.0/maven-archetype-webapp-1.0.jar
2025-04-28 12:13:32,743 [ModalContext] INFO  o.e.m.c.i.e.AbstractTransferListenerAdapter - Downloaded https://repo.maven.apache.org/maven2/org/apache/maven/archetypes/maven-archetype-webapp/1.0/maven-archetype-webapp-1.0.jar
2025-04-28 12:13:56,658 [Worker-21: Launching mavenrun-074684d5-15c3-4fe0-83e1-e028dcd38ea5] INFO  o.eclipse.m2e.core.internal.Bundles - getClasspathEntries(Bundle=org.eclipse.m2e.maven.runtime_3.9.900.20250220-2013 [637])
2025-04-28 12:13:56,659 [Worker-21: Launching mavenrun-074684d5-15c3-4fe0-83e1-e028dcd38ea5] INFO  o.eclipse.m2e.core.internal.Bundles - 	Entry: C:\Users\elabd\.p2\pool\plugins\org.eclipse.m2e.maven.runtime_3.9.900.20250220-2013
2025-04-28 12:13:56,659 [Worker-21: Launching mavenrun-074684d5-15c3-4fe0-83e1-e028dcd38ea5] INFO  o.eclipse.m2e.core.internal.Bundles - 	Entry: C:\Users\elabd\.p2\pool\plugins\org.eclipse.m2e.maven.runtime_3.9.900.20250220-2013\jars\aopalliance-1.0.jar
2025-04-28 12:13:56,659 [Worker-21: Launching mavenrun-074684d5-15c3-4fe0-83e1-e028dcd38ea5] INFO  o.eclipse.m2e.core.internal.Bundles - 	Entry: C:\Users\elabd\.p2\pool\plugins\org.eclipse.m2e.maven.runtime_3.9.900.20250220-2013\jars\guice-5.1.0.jar
2025-04-28 12:13:56,659 [Worker-21: Launching mavenrun-074684d5-15c3-4fe0-83e1-e028dcd38ea5] INFO  o.eclipse.m2e.core.internal.Bundles - 	Entry: C:\Users\elabd\.p2\pool\plugins\org.eclipse.m2e.maven.runtime_3.9.900.20250220-2013\jars\httpclient-4.5.14.jar
2025-04-28 12:13:56,659 [Worker-21: Launching mavenrun-074684d5-15c3-4fe0-83e1-e028dcd38ea5] INFO  o.eclipse.m2e.core.internal.Bundles - 	Entry: C:\Users\elabd\.p2\pool\plugins\org.eclipse.m2e.maven.runtime_3.9.900.20250220-2013\jars\httpcore-4.4.16.jar
2025-04-28 12:13:56,659 [Worker-21: Launching mavenrun-074684d5-15c3-4fe0-83e1-e028dcd38ea5] INFO  o.eclipse.m2e.core.internal.Bundles - 	Entry: C:\Users\elabd\.p2\pool\plugins\org.eclipse.m2e.maven.runtime_3.9.900.20250220-2013\jars\jansi-2.4.1.jar
2025-04-28 12:13:56,659 [Worker-21: Launching mavenrun-074684d5-15c3-4fe0-83e1-e028dcd38ea5] INFO  o.eclipse.m2e.core.internal.Bundles - 	Entry: C:\Users\elabd\.p2\pool\plugins\org.eclipse.m2e.maven.runtime_3.9.900.20250220-2013\jars\jcl-over-slf4j-1.7.36.jar
2025-04-28 12:13:56,660 [Worker-21: Launching mavenrun-074684d5-15c3-4fe0-83e1-e028dcd38ea5] INFO  o.eclipse.m2e.core.internal.Bundles - 	Entry: C:\Users\elabd\.p2\pool\plugins\org.eclipse.m2e.maven.runtime_3.9.900.20250220-2013\jars\maven-artifact-3.9.9.jar
2025-04-28 12:13:56,660 [Worker-21: Launching mavenrun-074684d5-15c3-4fe0-83e1-e028dcd38ea5] INFO  o.eclipse.m2e.core.internal.Bundles - 	Entry: C:\Users\elabd\.p2\pool\plugins\org.eclipse.m2e.maven.runtime_3.9.900.20250220-2013\jars\maven-builder-support-3.9.9.jar
2025-04-28 12:13:56,660 [Worker-21: Launching mavenrun-074684d5-15c3-4fe0-83e1-e028dcd38ea5] INFO  o.eclipse.m2e.core.internal.Bundles - 	Entry: C:\Users\elabd\.p2\pool\plugins\org.eclipse.m2e.maven.runtime_3.9.900.20250220-2013\jars\maven-compat-3.9.9.jar
2025-04-28 12:13:56,660 [Worker-21: Launching mavenrun-074684d5-15c3-4fe0-83e1-e028dcd38ea5] INFO  o.eclipse.m2e.core.internal.Bundles - 	Entry: C:\Users\elabd\.p2\pool\plugins\org.eclipse.m2e.maven.runtime_3.9.900.20250220-2013\jars\maven-core-3.9.9.jar
2025-04-28 12:13:56,660 [Worker-21: Launching mavenrun-074684d5-15c3-4fe0-83e1-e028dcd38ea5] INFO  o.eclipse.m2e.core.internal.Bundles - 	Entry: C:\Users\elabd\.p2\pool\plugins\org.eclipse.m2e.maven.runtime_3.9.900.20250220-2013\jars\maven-embedder-3.9.9.jar
2025-04-28 12:13:56,660 [Worker-21: Launching mavenrun-074684d5-15c3-4fe0-83e1-e028dcd38ea5] INFO  o.eclipse.m2e.core.internal.Bundles - 	Entry: C:\Users\elabd\.p2\pool\plugins\org.eclipse.m2e.maven.runtime_3.9.900.20250220-2013\jars\maven-model-3.9.9.jar
2025-04-28 12:13:56,660 [Worker-21: Launching mavenrun-074684d5-15c3-4fe0-83e1-e028dcd38ea5] INFO  o.eclipse.m2e.core.internal.Bundles - 	Entry: C:\Users\elabd\.p2\pool\plugins\org.eclipse.m2e.maven.runtime_3.9.900.20250220-2013\jars\maven-model-builder-3.9.9.jar
2025-04-28 12:13:56,660 [Worker-21: Launching mavenrun-074684d5-15c3-4fe0-83e1-e028dcd38ea5] INFO  o.eclipse.m2e.core.internal.Bundles - 	Entry: C:\Users\elabd\.p2\pool\plugins\org.eclipse.m2e.maven.runtime_3.9.900.20250220-2013\jars\maven-plugin-api-3.9.9.jar
2025-04-28 12:13:56,660 [Worker-21: Launching mavenrun-074684d5-15c3-4fe0-83e1-e028dcd38ea5] INFO  o.eclipse.m2e.core.internal.Bundles - 	Entry: C:\Users\elabd\.p2\pool\plugins\org.eclipse.m2e.maven.runtime_3.9.900.20250220-2013\jars\maven-repository-metadata-3.9.9.jar
2025-04-28 12:13:56,660 [Worker-21: Launching mavenrun-074684d5-15c3-4fe0-83e1-e028dcd38ea5] INFO  o.eclipse.m2e.core.internal.Bundles - 	Entry: C:\Users\elabd\.p2\pool\plugins\org.eclipse.m2e.maven.runtime_3.9.900.20250220-2013\jars\maven-resolver-api-1.9.22.jar
2025-04-28 12:13:56,661 [Worker-21: Launching mavenrun-074684d5-15c3-4fe0-83e1-e028dcd38ea5] INFO  o.eclipse.m2e.core.internal.Bundles - 	Entry: C:\Users\elabd\.p2\pool\plugins\org.eclipse.m2e.maven.runtime_3.9.900.20250220-2013\jars\maven-resolver-connector-basic-1.9.22.jar
2025-04-28 12:13:56,661 [Worker-21: Launching mavenrun-074684d5-15c3-4fe0-83e1-e028dcd38ea5] INFO  o.eclipse.m2e.core.internal.Bundles - 	Entry: C:\Users\elabd\.p2\pool\plugins\org.eclipse.m2e.maven.runtime_3.9.900.20250220-2013\jars\maven-resolver-impl-1.9.22.jar
2025-04-28 12:13:56,661 [Worker-21: Launching mavenrun-074684d5-15c3-4fe0-83e1-e028dcd38ea5] INFO  o.eclipse.m2e.core.internal.Bundles - 	Entry: C:\Users\elabd\.p2\pool\plugins\org.eclipse.m2e.maven.runtime_3.9.900.20250220-2013\jars\maven-resolver-named-locks-1.9.22.jar
2025-04-28 12:13:56,661 [Worker-21: Launching mavenrun-074684d5-15c3-4fe0-83e1-e028dcd38ea5] INFO  o.eclipse.m2e.core.internal.Bundles - 	Entry: C:\Users\elabd\.p2\pool\plugins\org.eclipse.m2e.maven.runtime_3.9.900.20250220-2013\jars\maven-resolver-provider-3.9.9.jar
2025-04-28 12:13:56,661 [Worker-21: Launching mavenrun-074684d5-15c3-4fe0-83e1-e028dcd38ea5] INFO  o.eclipse.m2e.core.internal.Bundles - 	Entry: C:\Users\elabd\.p2\pool\plugins\org.eclipse.m2e.maven.runtime_3.9.900.20250220-2013\jars\maven-resolver-spi-1.9.22.jar
2025-04-28 12:13:56,661 [Worker-21: Launching mavenrun-074684d5-15c3-4fe0-83e1-e028dcd38ea5] INFO  o.eclipse.m2e.core.internal.Bundles - 	Entry: C:\Users\elabd\.p2\pool\plugins\org.eclipse.m2e.maven.runtime_3.9.900.20250220-2013\jars\maven-resolver-transport-file-1.9.22.jar
2025-04-28 12:13:56,661 [Worker-21: Launching mavenrun-074684d5-15c3-4fe0-83e1-e028dcd38ea5] INFO  o.eclipse.m2e.core.internal.Bundles - 	Entry: C:\Users\elabd\.p2\pool\plugins\org.eclipse.m2e.maven.runtime_3.9.900.20250220-2013\jars\maven-resolver-transport-http-1.9.22.jar
2025-04-28 12:13:56,661 [Worker-21: Launching mavenrun-074684d5-15c3-4fe0-83e1-e028dcd38ea5] INFO  o.eclipse.m2e.core.internal.Bundles - 	Entry: C:\Users\elabd\.p2\pool\plugins\org.eclipse.m2e.maven.runtime_3.9.900.20250220-2013\jars\maven-resolver-transport-wagon-1.9.22.jar
2025-04-28 12:13:56,661 [Worker-21: Launching mavenrun-074684d5-15c3-4fe0-83e1-e028dcd38ea5] INFO  o.eclipse.m2e.core.internal.Bundles - 	Entry: C:\Users\elabd\.p2\pool\plugins\org.eclipse.m2e.maven.runtime_3.9.900.20250220-2013\jars\maven-resolver-util-1.9.22.jar
2025-04-28 12:13:56,662 [Worker-21: Launching mavenrun-074684d5-15c3-4fe0-83e1-e028dcd38ea5] INFO  o.eclipse.m2e.core.internal.Bundles - 	Entry: C:\Users\elabd\.p2\pool\plugins\org.eclipse.m2e.maven.runtime_3.9.900.20250220-2013\jars\maven-settings-3.9.9.jar
2025-04-28 12:13:56,662 [Worker-21: Launching mavenrun-074684d5-15c3-4fe0-83e1-e028dcd38ea5] INFO  o.eclipse.m2e.core.internal.Bundles - 	Entry: C:\Users\elabd\.p2\pool\plugins\org.eclipse.m2e.maven.runtime_3.9.900.20250220-2013\jars\maven-settings-builder-3.9.9.jar
2025-04-28 12:13:56,662 [Worker-21: Launching mavenrun-074684d5-15c3-4fe0-83e1-e028dcd38ea5] INFO  o.eclipse.m2e.core.internal.Bundles - 	Entry: C:\Users\elabd\.p2\pool\plugins\org.eclipse.m2e.maven.runtime_3.9.900.20250220-2013\jars\maven-shared-utils-3.4.2.jar
2025-04-28 12:13:56,662 [Worker-21: Launching mavenrun-074684d5-15c3-4fe0-83e1-e028dcd38ea5] INFO  o.eclipse.m2e.core.internal.Bundles - 	Entry: C:\Users\elabd\.p2\pool\plugins\org.eclipse.m2e.maven.runtime_3.9.900.20250220-2013\jars\org.eclipse.sisu.inject-0.9.0.M3.jar
2025-04-28 12:13:56,662 [Worker-21: Launching mavenrun-074684d5-15c3-4fe0-83e1-e028dcd38ea5] INFO  o.eclipse.m2e.core.internal.Bundles - 	Entry: C:\Users\elabd\.p2\pool\plugins\org.eclipse.m2e.maven.runtime_3.9.900.20250220-2013\jars\org.eclipse.sisu.plexus-0.9.0.M3.jar
2025-04-28 12:13:56,662 [Worker-21: Launching mavenrun-074684d5-15c3-4fe0-83e1-e028dcd38ea5] INFO  o.eclipse.m2e.core.internal.Bundles - 	Entry: C:\Users\elabd\.p2\pool\plugins\org.eclipse.m2e.maven.runtime_3.9.900.20250220-2013\jars\plexus-build-api-0.0.7.jar
2025-04-28 12:13:56,662 [Worker-21: Launching mavenrun-074684d5-15c3-4fe0-83e1-e028dcd38ea5] INFO  o.eclipse.m2e.core.internal.Bundles - 	Entry: C:\Users\elabd\.p2\pool\plugins\org.eclipse.m2e.maven.runtime_3.9.900.20250220-2013\jars\plexus-build-api-1.2.0.jar
2025-04-28 12:13:56,662 [Worker-21: Launching mavenrun-074684d5-15c3-4fe0-83e1-e028dcd38ea5] INFO  o.eclipse.m2e.core.internal.Bundles - 	Entry: C:\Users\elabd\.p2\pool\plugins\org.eclipse.m2e.maven.runtime_3.9.900.20250220-2013\jars\plexus-cipher-2.0.jar
2025-04-28 12:13:56,663 [Worker-21: Launching mavenrun-074684d5-15c3-4fe0-83e1-e028dcd38ea5] INFO  o.eclipse.m2e.core.internal.Bundles - 	Entry: C:\Users\elabd\.p2\pool\plugins\org.eclipse.m2e.maven.runtime_3.9.900.20250220-2013\jars\plexus-classworlds-2.8.0.jar
2025-04-28 12:13:56,663 [Worker-21: Launching mavenrun-074684d5-15c3-4fe0-83e1-e028dcd38ea5] INFO  o.eclipse.m2e.core.internal.Bundles - 	Entry: C:\Users\elabd\.p2\pool\plugins\org.eclipse.m2e.maven.runtime_3.9.900.20250220-2013\jars\plexus-component-annotations-2.1.0.jar
2025-04-28 12:13:56,663 [Worker-21: Launching mavenrun-074684d5-15c3-4fe0-83e1-e028dcd38ea5] INFO  o.eclipse.m2e.core.internal.Bundles - 	Entry: C:\Users\elabd\.p2\pool\plugins\org.eclipse.m2e.maven.runtime_3.9.900.20250220-2013\jars\plexus-interpolation-1.27.jar
2025-04-28 12:13:56,663 [Worker-21: Launching mavenrun-074684d5-15c3-4fe0-83e1-e028dcd38ea5] INFO  o.eclipse.m2e.core.internal.Bundles - 	Entry: C:\Users\elabd\.p2\pool\plugins\org.eclipse.m2e.maven.runtime_3.9.900.20250220-2013\jars\plexus-sec-dispatcher-2.0.jar
2025-04-28 12:13:56,663 [Worker-21: Launching mavenrun-074684d5-15c3-4fe0-83e1-e028dcd38ea5] INFO  o.eclipse.m2e.core.internal.Bundles - 	Entry: C:\Users\elabd\.p2\pool\plugins\org.eclipse.m2e.maven.runtime_3.9.900.20250220-2013\jars\plexus-utils-3.5.1.jar
2025-04-28 12:13:56,663 [Worker-21: Launching mavenrun-074684d5-15c3-4fe0-83e1-e028dcd38ea5] INFO  o.eclipse.m2e.core.internal.Bundles - 	Entry: C:\Users\elabd\.p2\pool\plugins\org.eclipse.m2e.maven.runtime_3.9.900.20250220-2013\jars\plexus-xml-3.0.1.jar
2025-04-28 12:13:56,663 [Worker-21: Launching mavenrun-074684d5-15c3-4fe0-83e1-e028dcd38ea5] INFO  o.eclipse.m2e.core.internal.Bundles - 	Entry: C:\Users\elabd\.p2\pool\plugins\org.eclipse.m2e.maven.runtime_3.9.900.20250220-2013\jars\wagon-file-3.5.3.jar
2025-04-28 12:13:56,663 [Worker-21: Launching mavenrun-074684d5-15c3-4fe0-83e1-e028dcd38ea5] INFO  o.eclipse.m2e.core.internal.Bundles - 	Entry: C:\Users\elabd\.p2\pool\plugins\org.eclipse.m2e.maven.runtime_3.9.900.20250220-2013\jars\wagon-http-3.5.3.jar
2025-04-28 12:13:56,663 [Worker-21: Launching mavenrun-074684d5-15c3-4fe0-83e1-e028dcd38ea5] INFO  o.eclipse.m2e.core.internal.Bundles - 	Entry: C:\Users\elabd\.p2\pool\plugins\org.eclipse.m2e.maven.runtime_3.9.900.20250220-2013\jars\wagon-http-shared-3.5.3.jar
2025-04-28 12:13:56,664 [Worker-21: Launching mavenrun-074684d5-15c3-4fe0-83e1-e028dcd38ea5] INFO  o.eclipse.m2e.core.internal.Bundles - 	Entry: C:\Users\elabd\.p2\pool\plugins\org.eclipse.m2e.maven.runtime_3.9.900.20250220-2013\jars\wagon-provider-api-3.5.3.jar
2025-04-28 12:13:56,665 [Worker-21: Launching mavenrun-074684d5-15c3-4fe0-83e1-e028dcd38ea5] INFO  o.eclipse.m2e.core.internal.Bundles - getClasspathEntries(Bundle=com.google.guava_33.4.0.jre [16])
2025-04-28 12:13:56,665 [Worker-21: Launching mavenrun-074684d5-15c3-4fe0-83e1-e028dcd38ea5] INFO  o.eclipse.m2e.core.internal.Bundles - 	Entry: C:\Users\elabd\.p2\pool\plugins\com.google.guava_33.4.0.jre.jar
2025-04-28 12:13:56,665 [Worker-21: Launching mavenrun-074684d5-15c3-4fe0-83e1-e028dcd38ea5] INFO  o.eclipse.m2e.core.internal.Bundles - getClasspathEntries(Bundle=slf4j.api_2.0.16 [1004])
2025-04-28 12:13:56,665 [Worker-21: Launching mavenrun-074684d5-15c3-4fe0-83e1-e028dcd38ea5] INFO  o.eclipse.m2e.core.internal.Bundles - 	Entry: C:\Users\elabd\.p2\pool\plugins\slf4j.api_2.0.16.jar
2025-04-28 12:13:56,665 [Worker-21: Launching mavenrun-074684d5-15c3-4fe0-83e1-e028dcd38ea5] INFO  o.eclipse.m2e.core.internal.Bundles - getClasspathEntries(Bundle=jakarta.inject.jakarta.inject-api_1.0.5 [34])
2025-04-28 12:13:56,665 [Worker-21: Launching mavenrun-074684d5-15c3-4fe0-83e1-e028dcd38ea5] INFO  o.eclipse.m2e.core.internal.Bundles - 	Entry: C:\Users\elabd\.p2\pool\plugins\jakarta.inject.jakarta.inject-api_1.0.5.jar
2025-04-28 12:13:56,665 [Worker-21: Launching mavenrun-074684d5-15c3-4fe0-83e1-e028dcd38ea5] INFO  o.eclipse.m2e.core.internal.Bundles - getClasspathEntries(Bundle=jakarta.annotation-api_1.3.5 [29])
2025-04-28 12:13:56,666 [Worker-21: Launching mavenrun-074684d5-15c3-4fe0-83e1-e028dcd38ea5] INFO  o.eclipse.m2e.core.internal.Bundles - 	Entry: C:\Users\elabd\.p2\pool\plugins\jakarta.annotation-api_1.3.5.jar
2025-04-28 12:13:56,666 [Worker-21: Launching mavenrun-074684d5-15c3-4fe0-83e1-e028dcd38ea5] INFO  o.eclipse.m2e.core.internal.Bundles - getClasspathEntries(Bundle=org.apache.commons.cli_1.9.0 [74])
2025-04-28 12:13:56,666 [Worker-21: Launching mavenrun-074684d5-15c3-4fe0-83e1-e028dcd38ea5] INFO  o.eclipse.m2e.core.internal.Bundles - 	Entry: C:\Users\elabd\.p2\pool\plugins\org.apache.commons.cli_1.9.0.jar
2025-04-28 12:13:56,666 [Worker-21: Launching mavenrun-074684d5-15c3-4fe0-83e1-e028dcd38ea5] INFO  o.eclipse.m2e.core.internal.Bundles - getClasspathEntries(Bundle=org.apache.commons.commons-codec_1.16.0 [76])
2025-04-28 12:13:56,666 [Worker-21: Launching mavenrun-074684d5-15c3-4fe0-83e1-e028dcd38ea5] INFO  o.eclipse.m2e.core.internal.Bundles - 	Entry: C:\Users\elabd\.p2\pool\plugins\org.apache.commons.commons-codec_1.16.0.jar
2025-04-28 12:13:56,666 [Worker-21: Launching mavenrun-074684d5-15c3-4fe0-83e1-e028dcd38ea5] INFO  o.eclipse.m2e.core.internal.Bundles - getClasspathEntries(Bundle=com.google.guava.failureaccess_1.0.2 [17])
2025-04-28 12:13:56,666 [Worker-21: Launching mavenrun-074684d5-15c3-4fe0-83e1-e028dcd38ea5] INFO  o.eclipse.m2e.core.internal.Bundles - 	Entry: C:\Users\elabd\.p2\pool\plugins\com.google.guava.failureaccess_1.0.2.jar
2025-04-28 12:13:56,670 [Worker-21: Launching mavenrun-074684d5-15c3-4fe0-83e1-e028dcd38ea5] INFO  o.e.m.i.launch.MavenLaunchDelegate - Run build in "C:\Users\elabd\AppData\Local\Temp\m2e-archetypeGenerator12736173470482215260":
2025-04-28 12:13:56,674 [Worker-21: Launching mavenrun-074684d5-15c3-4fe0-83e1-e028dcd38ea5] INFO  o.e.m.i.launch.MavenLaunchDelegate -  mvn  -DarchetypeGroupId=org.apache.maven.archetypes -DarchetypeArtifactId=maven-archetype-webapp -DarchetypeVersion=1.0 -DgroupId=emsi.ma -DartifactId=HibernateTest -Dversion=0.0.1-SNAPSHOT -Dpackage=emsi.ma.HibernateTest -DoutputDirectory=C:\Users\elabd\Desktop\formation\4IIR\S8\J2EE\TP -Dstyle.color=always -U archetype:generate
2025-05-21 21:20:35,379 [Worker-2: Loading available Gradle versions] INFO  o.e.b.c.i.u.g.PublishedGradleVersions - Gradle version information cache is out-of-date. Trying to update.
2025-05-22 14:40:16,050 [Worker-4: Loading available Gradle versions] INFO  o.e.b.c.i.u.g.PublishedGradleVersions - Gradle version information cache is up-to-date. Trying to read.
2025-05-24 12:59:41,664 [Worker-6: Loading available Gradle versions] INFO  o.e.b.c.i.u.g.PublishedGradleVersions - Gradle version information cache is out-of-date. Trying to update.
2025-05-25 12:05:49,146 [Worker-7: Loading available Gradle versions] INFO  o.e.b.c.i.u.g.PublishedGradleVersions - Gradle version information cache is up-to-date. Trying to read.
2025-05-25 12:39:02,810 [Worker-6: Loading available Gradle versions] INFO  o.e.b.c.i.u.g.PublishedGradleVersions - Gradle version information cache is up-to-date. Trying to read.
2025-05-25 12:54:23,005 [Worker-5: Loading available Gradle versions] INFO  o.e.b.c.i.u.g.PublishedGradleVersions - Gradle version information cache is up-to-date. Trying to read.
